# JRE version: Java(TM) SE Runtime Environment (8.0_91-b14) (build 1.8.0_91-b14)
# Java VM: Java HotSpot(TM) 64-Bit Server VM (25.91-b14 mixed mode linux-amd64 compressed oops)
Heap:
 PSYoungGen      total 421376K, used 105452K [0x00000000d6600000, 0x00000000f7580000, 0x0000000100000000)
  eden space 315904K, 0% used [0x00000000d6600000,0x00000000d6600000,0x00000000e9a80000)
  from space 105472K, 99% used [0x00000000e9a80000,0x00000000f017b1f8,0x00000000f0180000)
  to   space 89088K, 0% used [0x00000000f0180000,0x00000000f0180000,0x00000000f5880000)
 ParOldGen       total 262656K, used 151531K [0x0000000083200000, 0x0000000093280000, 0x00000000d6600000)
  object space 262656K, 57% used [0x0000000083200000,0x000000008c5fae88,0x0000000093280000)
 Metaspace       used 31944K, capacity 32906K, committed 33152K, reserved 1079296K
  class space    used 3820K, capacity 4114K, committed 4224K, reserved 1048576K
GC Heap History (10 events):
Event: 45.363 GC heap after
Heap after GC invocations=11 (full 2):
 PSYoungGen      total 221696K, used 6633K [0x00000000d6600000, 0x00000000ec100000, 0x0000000100000000)
  eden space 203776K, 0% used [0x00000000d6600000,0x00000000d6600000,0x00000000e2d00000)
  from space 17920K, 37% used [0x00000000e2d00000,0x00000000e337a698,0x00000000e3e80000)
  to   space 42496K, 0% used [0x00000000e9780000,0x00000000e9780000,0x00000000ec100000)
 ParOldGen       total 167936K, used 78218K [0x0000000083200000, 0x000000008d600000, 0x00000000d6600000)
  object space 167936K, 46% used [0x0000000083200000,0x0000000087e62998,0x000000008d600000)
 Metaspace       used 31848K, capacity 32830K, committed 33152K, reserved 1079296K
  class space    used 3819K, capacity 4112K, committed 4224K, reserved 1048576K
}
Event: 50.901 GC heap before
{Heap before GC invocations=12 (full 2):
 PSYoungGen      total 221696K, used 210409K [0x00000000d6600000, 0x00000000ec100000, 0x0000000100000000)
  eden space 203776K, 100% used [0x00000000d6600000,0x00000000e2d00000,0x00000000e2d00000)
  from space 17920K, 37% used [0x00000000e2d00000,0x00000000e337a698,0x00000000e3e80000)
  to   space 42496K, 0% used [0x00000000e9780000,0x00000000e9780000,0x00000000ec100000)
 ParOldGen       total 167936K, used 78218K [0x0000000083200000, 0x000000008d600000, 0x00000000d6600000)
  object space 167936K, 46% used [0x0000000083200000,0x0000000087e62998,0x000000008d600000)
 Metaspace       used 31922K, capacity 32900K, committed 33152K, reserved 1079296K
  class space    used 3820K, capacity 4113K, committed 4224K, reserved 1048576K
Event: 51.058 GC heap after
Heap after GC invocations=12 (full 2):
 PSYoungGen      total 290816K, used 42493K [0x00000000d6600000, 0x00000000ef300000, 0x0000000100000000)
  eden space 248320K, 0% used [0x00000000d6600000,0x00000000d6600000,0x00000000e5880000)
  from space 42496K, 99% used [0x00000000e9780000,0x00000000ec0ff438,0x00000000ec100000)
  to   space 64512K, 0% used [0x00000000e5880000,0x00000000e5880000,0x00000000e9780000)
 ParOldGen       total 167936K, used 119277K [0x0000000083200000, 0x000000008d600000, 0x00000000d6600000)
  object space 167936K, 71% used [0x0000000083200000,0x000000008a67b718,0x000000008d600000)
 Metaspace       used 31922K, capacity 32900K, committed 33152K, reserved 1079296K
  class space    used 3820K, capacity 4113K, committed 4224K, reserved 1048576K
}
Event: 65.626 GC heap before
{Heap before GC invocations=13 (full 2):
 PSYoungGen      total 290816K, used 290813K [0x00000000d6600000, 0x00000000ef300000, 0x0000000100000000)
  eden space 248320K, 100% used [0x00000000d6600000,0x00000000e5880000,0x00000000e5880000)
  from space 42496K, 99% used [0x00000000e9780000,0x00000000ec0ff438,0x00000000ec100000)
  to   space 64512K, 0% used [0x00000000e5880000,0x00000000e5880000,0x00000000e9780000)
 ParOldGen       total 167936K, used 119277K [0x0000000083200000, 0x000000008d600000, 0x00000000d6600000)
  object space 167936K, 71% used [0x0000000083200000,0x000000008a67b718,0x000000008d600000)
 Metaspace       used 31928K, capacity 32900K, committed 33152K, reserved 1079296K
  class space    used 3820K, capacity 4113K, committed 4224K, reserved 1048576K
Event: 65.792 GC heap after
Heap after GC invocations=13 (full 2):
 PSYoungGen      total 312832K, used 64491K [0x00000000d6600000, 0x00000000f5880000, 0x0000000100000000)
  eden space 248320K, 0% used [0x00000000d6600000,0x00000000d6600000,0x00000000e5880000)
  from space 64512K, 99% used [0x00000000e5880000,0x00000000e977afc8,0x00000000e9780000)
  to   space 89088K, 0% used [0x00000000f0180000,0x00000000f0180000,0x00000000f5880000)
 ParOldGen       total 167936K, used 155281K [0x0000000083200000, 0x000000008d600000, 0x00000000d6600000)
  object space 167936K, 92% used [0x0000000083200000,0x000000008c9a4468,0x000000008d600000)
 Metaspace       used 31928K, capacity 32900K, committed 33152K, reserved 1079296K
  class space    used 3820K, capacity 4113K, committed 4224K, reserved 1048576K
}
Event: 65.792 GC heap before
{Heap before GC invocations=14 (full 3):
 PSYoungGen      total 312832K, used 64491K [0x00000000d6600000, 0x00000000f5880000, 0x0000000100000000)
  eden space 248320K, 0% used [0x00000000d6600000,0x00000000d6600000,0x00000000e5880000)
  from space 64512K, 99% used [0x00000000e5880000,0x00000000e977afc8,0x00000000e9780000)
  to   space 89088K, 0% used [0x00000000f0180000,0x00000000f0180000,0x00000000f5880000)
 ParOldGen       total 167936K, used 155281K [0x0000000083200000, 0x000000008d600000, 0x00000000d6600000)
  object space 167936K, 92% used [0x0000000083200000,0x000000008c9a4468,0x000000008d600000)
 Metaspace       used 31928K, capacity 32900K, committed 33152K, reserved 1079296K
  class space    used 3820K, capacity 4113K, committed 4224K, reserved 1048576K
Event: 66.244 GC heap after
Heap after GC invocations=14 (full 3):
 PSYoungGen      total 312832K, used 0K [0x00000000d6600000, 0x00000000f5880000, 0x0000000100000000)
  eden space 248320K, 0% used [0x00000000d6600000,0x00000000d6600000,0x00000000e5880000)
  from space 64512K, 0% used [0x00000000e5880000,0x00000000e5880000,0x00000000e9780000)
  to   space 89088K, 0% used [0x00000000f0180000,0x00000000f0180000,0x00000000f5880000)
 ParOldGen       total 262656K, used 138814K [0x0000000083200000, 0x0000000093280000, 0x00000000d6600000)
  object space 262656K, 52% used [0x0000000083200000,0x000000008b98fa40,0x0000000093280000)
 Metaspace       used 31928K, capacity 32900K, committed 33152K, reserved 1079296K
  class space    used 3820K, capacity 4113K, committed 4224K, reserved 1048576K
}
Event: 72.775 GC heap before
{Heap before GC invocations=15 (full 3):
 PSYoungGen      total 312832K, used 248320K [0x00000000d6600000, 0x00000000f5880000, 0x0000000100000000)
  eden space 248320K, 100% used [0x00000000d6600000,0x00000000e5880000,0x00000000e5880000)
  from space 64512K, 0% used [0x00000000e5880000,0x00000000e5880000,0x00000000e9780000)
  to   space 89088K, 0% used [0x00000000f0180000,0x00000000f0180000,0x00000000f5880000)
 ParOldGen       total 262656K, used 138814K [0x0000000083200000, 0x0000000093280000, 0x00000000d6600000)
  object space 262656K, 52% used [0x0000000083200000,0x000000008b98fa40,0x0000000093280000)
 Metaspace       used 31939K, capacity 32900K, committed 33152K, reserved 1079296K
  class space    used 3820K, capacity 4113K, committed 4224K, reserved 1048576K
Event: 72.926 GC heap after
Heap after GC invocations=15 (full 3):
 PSYoungGen      total 404992K, used 89076K [0x00000000d6600000, 0x00000000f7580000, 0x0000000100000000)
  eden space 315904K, 0% used [0x00000000d6600000,0x00000000d6600000,0x00000000e9a80000)
  from space 89088K, 99% used [0x00000000f0180000,0x00000000f587d328,0x00000000f5880000)
  to   space 105472K, 0% used [0x00000000e9a80000,0x00000000e9a80000,0x00000000f0180000)
 ParOldGen       total 262656K, used 139927K [0x0000000083200000, 0x0000000093280000, 0x00000000d6600000)
  object space 262656K, 53% used [0x0000000083200000,0x000000008baa5d38,0x0000000093280000)
 Metaspace       used 31939K, capacity 32900K, committed 33152K, reserved 1079296K
  class space    used 3820K, capacity 4113K, committed 4224K, reserved 1048576K
}
Event: 81.716 GC heap before
{Heap before GC invocations=16 (full 3):
 PSYoungGen      total 404992K, used 404980K [0x00000000d6600000, 0x00000000f7580000, 0x0000000100000000)
  eden space 315904K, 100% used [0x00000000d6600000,0x00000000e9a80000,0x00000000e9a80000)
  from space 89088K, 99% used [0x00000000f0180000,0x00000000f587d328,0x00000000f5880000)
  to   space 105472K, 0% used [0x00000000e9a80000,0x00000000e9a80000,0x00000000f0180000)
 ParOldGen       total 262656K, used 139927K [0x0000000083200000, 0x0000000093280000, 0x00000000d6600000)
  object space 262656K, 53% used [0x0000000083200000,0x000000008baa5d38,0x0000000093280000)
 Metaspace       used 31944K, capacity 32906K, committed 33152K, reserved 1079296K
  class space    used 3820K, capacity 4114K, committed 4224K, reserved 1048576K

